2004.12.13 09:23 B C:\Interface\images\adipo01.40.40.jpg <-- cadre ftp /var/pub/http/dev.cadre.com.au/htdocs/physioEx_6/Histology/Interface/images adipo01.40.40.jpg
2004.12.13 09:23 B C:\Interface\images\adipo02.100.100.jpg <-- cadre ftp /var/pub/http/dev.cadre.com.au/htdocs/physioEx_6/Histology/Interface/images adipo02.100.100.jpg
2004.12.13 09:23 B C:\Interface\images\adipo03.400.400.jpg <-- cadre ftp /var/pub/http/dev.cadre.com.au/htdocs/physioEx_6/Histology/Interface/images adipo03.400.400.jpg
2004.12.13 09:23 B C:\Interface\images\adipo04.1000.1000.jpg <-- cadre ftp /var/pub/http/dev.cadre.com.au/htdocs/physioEx_6/Histology/Interface/images adipo04.1000.1000.jpg
2004.12.13 09:23 B C:\Interface\images\adren03.400.400.jpg <-- cadre ftp /var/pub/http/dev.cadre.com.au/htdocs/physioEx_6/Histology/Interface/images adren03.400.400.jpg
2004.12.13 09:23 B C:\Interface\images\adren04.1000.1000.jpg <-- cadre ftp /var/pub/http/dev.cadre.com.au/htdocs/physioEx_6/Histology/Interface/images adren04.1000.1000.jpg
2004.12.13 09:23 B C:\Interface\images\aorta,-elasticCT,-10X.jpg <-- cadre ftp /var/pub/http/dev.cadre.com.au/htdocs/physioEx_6/Histology/Interface/images aorta,-elasticCT,-10X.jpg
2004.12.13 09:23 B C:\Interface\images\areol01.40.40.jpg <-- cadre ftp /var/pub/http/dev.cadre.com.au/htdocs/physioEx_6/Histology/Interface/images areol01.40.40.jpg
2004.12.13 09:23 B C:\Interface\images\areol02.100.100.jpg <-- cadre ftp /var/pub/http/dev.cadre.com.au/htdocs/physioEx_6/Histology/Interface/images areol02.100.100.jpg
2004.12.13 09:23 B C:\Interface\images\areol03.400.400.jpg <-- cadre ftp /var/pub/http/dev.cadre.com.au/htdocs/physioEx_6/Histology/Interface/images areol03.400.400.jpg
2004.12.13 09:23 B C:\Interface\images\areol04.1000.1000.jpg <-- cadre ftp /var/pub/http/dev.cadre.com.au/htdocs/physioEx_6/Histology/Interface/images areol04.1000.1000.jpg
2004.12.13 09:23 B C:\Interface\images\areolar-spread-2,-fibers,-m.jpg <-- cadre ftp /var/pub/http/dev.cadre.com.au/htdocs/physioEx_6/Histology/Interface/images areolar-spread-2,-fibers,-m.jpg
2004.12.13 09:23 B C:\Interface\images\areolar-spread-3,-mast-cell.jpg <-- cadre ftp /var/pub/http/dev.cadre.com.au/htdocs/physioEx_6/Histology/Interface/images areolar-spread-3,-mast-cell.jpg
2004.12.13 09:23 B C:\Interface\images\arter01.40.40.jpg <-- cadre ftp /var/pub/http/dev.cadre.com.au/htdocs/physioEx_6/Histology/Interface/images arter01.40.40.jpg
2004.12.13 09:23 B C:\Interface\images\arter02.100.100.jpg <-- cadre ftp /var/pub/http/dev.cadre.com.au/htdocs/physioEx_6/Histology/Interface/images arter02.100.100.jpg
2004.12.13 09:23 B C:\Interface\images\arter03.400.400.jpg <-- cadre ftp /var/pub/http/dev.cadre.com.au/htdocs/physioEx_6/Histology/Interface/images arter03.400.400.jpg
2004.12.13 09:23 B C:\Interface\images\B310072.99.100.jpg <-- cadre ftp /var/pub/http/dev.cadre.com.au/htdocs/physioEx_6/Histology/Interface/images B310072.99.100.jpg
2004.12.13 09:23 B C:\Interface\images\B310074.36.100.jpg <-- cadre ftp /var/pub/http/dev.cadre.com.au/htdocs/physioEx_6/Histology/Interface/images B310074.36.100.jpg
2004.12.13 09:23 B C:\Interface\images\B310081.360.400.jpg <-- cadre ftp /var/pub/http/dev.cadre.com.au/htdocs/physioEx_6/Histology/Interface/images B310081.360.400.jpg
2004.12.13 09:23 B C:\Interface\images\b310112.75.40.jpg <-- cadre ftp /var/pub/http/dev.cadre.com.au/htdocs/physioEx_6/Histology/Interface/images b310112.75.40.jpg
2004.12.13 09:23 B C:\Interface\images\B310125.140.400.jpg <-- cadre ftp /var/pub/http/dev.cadre.com.au/htdocs/physioEx_6/Histology/Interface/images B310125.140.400.jpg
2004.12.13 09:23 B C:\Interface\images\B310125.280.1000.jpg <-- cadre ftp /var/pub/http/dev.cadre.com.au/htdocs/physioEx_6/Histology/Interface/images B310125.280.1000.jpg
2004.12.13 09:23 B C:\Interface\images\B310146.8.40.jpg <-- cadre ftp /var/pub/http/dev.cadre.com.au/htdocs/physioEx_6/Histology/Interface/images B310146.8.40.jpg
2004.12.13 09:23 B C:\Interface\images\B310149.75.400.jpg <-- cadre ftp /var/pub/http/dev.cadre.com.au/htdocs/physioEx_6/Histology/Interface/images B310149.75.400.jpg
2004.12.13 09:23 B C:\Interface\images\B310154.36.100.jpg <-- cadre ftp /var/pub/http/dev.cadre.com.au/htdocs/physioEx_6/Histology/Interface/images B310154.36.100.jpg
2004.12.13 09:23 B C:\Interface\images\B310156.6.40.jpg <-- cadre ftp /var/pub/http/dev.cadre.com.au/htdocs/physioEx_6/Histology/Interface/images B310156.6.40.jpg
2004.12.13 09:23 B C:\Interface\images\b310158.75.40.jpg <-- cadre ftp /var/pub/http/dev.cadre.com.au/htdocs/physioEx_6/Histology/Interface/images b310158.75.40.jpg
2004.12.13 09:23 B C:\Interface\images\B310277.75.100.jpg <-- cadre ftp /var/pub/http/dev.cadre.com.au/htdocs/physioEx_6/Histology/Interface/images B310277.75.100.jpg
2004.12.13 09:23 B C:\Interface\images\B310285.399.400.jpg <-- cadre ftp /var/pub/http/dev.cadre.com.au/htdocs/physioEx_6/Histology/Interface/images B310285.399.400.jpg
2004.12.13 09:23 B C:\Interface\images\B310287.399.400.jpg <-- cadre ftp /var/pub/http/dev.cadre.com.au/htdocs/physioEx_6/Histology/Interface/images B310287.399.400.jpg
2004.12.13 09:23 B C:\Interface\images\B310289.399.400.jpg <-- cadre ftp /var/pub/http/dev.cadre.com.au/htdocs/physioEx_6/Histology/Interface/images B310289.399.400.jpg
2004.12.13 09:23 B C:\Interface\images\B310300.399.400.jpg <-- cadre ftp /var/pub/http/dev.cadre.com.au/htdocs/physioEx_6/Histology/Interface/images B310300.399.400.jpg
2004.12.13 09:23 B C:\Interface\images\B310303.399.400.jpg <-- cadre ftp /var/pub/http/dev.cadre.com.au/htdocs/physioEx_6/Histology/Interface/images B310303.399.400.jpg
2004.12.13 09:23 B C:\Interface\images\B310310..40.jpg <-- cadre ftp /var/pub/http/dev.cadre.com.au/htdocs/physioEx_6/Histology/Interface/images B310310..40.jpg
2004.12.13 09:23 B C:\Interface\images\B310322.160.400.jpg <-- cadre ftp /var/pub/http/dev.cadre.com.au/htdocs/physioEx_6/Histology/Interface/images B310322.160.400.jpg
2004.12.13 09:23 B C:\Interface\images\B310359.100.400.jpg <-- cadre ftp /var/pub/http/dev.cadre.com.au/htdocs/physioEx_6/Histology/Interface/images B310359.100.400.jpg
2004.12.13 09:23 B C:\Interface\images\b310363.30.100.jpg <-- cadre ftp /var/pub/http/dev.cadre.com.au/htdocs/physioEx_6/Histology/Interface/images b310363.30.100.jpg
2004.12.13 09:23 B C:\Interface\images\B310379..40.jpg <-- cadre ftp /var/pub/http/dev.cadre.com.au/htdocs/physioEx_6/Histology/Interface/images B310379..40.jpg
2004.12.13 09:23 B C:\Interface\images\B310393..40.jpg <-- cadre ftp /var/pub/http/dev.cadre.com.au/htdocs/physioEx_6/Histology/Interface/images B310393..40.jpg
2004.12.13 09:23 B C:\Interface\images\B310398.3.40.jpg <-- cadre ftp /var/pub/http/dev.cadre.com.au/htdocs/physioEx_6/Histology/Interface/images B310398.3.40.jpg
2004.12.13 09:23 B C:\Interface\images\B310401.140.400.jpg <-- cadre ftp /var/pub/http/dev.cadre.com.au/htdocs/physioEx_6/Histology/Interface/images B310401.140.400.jpg
2004.12.13 09:23 B C:\Interface\images\B310411.36.400.jpg <-- cadre ftp /var/pub/http/dev.cadre.com.au/htdocs/physioEx_6/Histology/Interface/images B310411.36.400.jpg
2004.12.13 09:23 B C:\Interface\images\B310418.11.40.jpg <-- cadre ftp /var/pub/http/dev.cadre.com.au/htdocs/physioEx_6/Histology/Interface/images B310418.11.40.jpg
2004.12.13 09:23 B C:\Interface\images\b310425.55.40.jpg <-- cadre ftp /var/pub/http/dev.cadre.com.au/htdocs/physioEx_6/Histology/Interface/images b310425.55.40.jpg
2004.12.13 09:23 B C:\Interface\images\b310426.36.40.jpg <-- cadre ftp /var/pub/http/dev.cadre.com.au/htdocs/physioEx_6/Histology/Interface/images b310426.36.40.jpg
2004.12.13 09:23 B C:\Interface\images\B310430.36.100.jpg <-- cadre ftp /var/pub/http/dev.cadre.com.au/htdocs/physioEx_6/Histology/Interface/images B310430.36.100.jpg
2004.12.13 09:23 B C:\Interface\images\b310437.75.100.jpg <-- cadre ftp /var/pub/http/dev.cadre.com.au/htdocs/physioEx_6/Histology/Interface/images b310437.75.100.jpg
2004.12.13 09:23 B C:\Interface\images\B310474.24.100.jpg <-- cadre ftp /var/pub/http/dev.cadre.com.au/htdocs/physioEx_6/Histology/Interface/images B310474.24.100.jpg
2004.12.13 09:23 B C:\Interface\images\b310496.19.40.jpg <-- cadre ftp /var/pub/http/dev.cadre.com.au/htdocs/physioEx_6/Histology/Interface/images b310496.19.40.jpg
2004.12.13 09:23 B C:\Interface\images\B310496.24.100.jpg <-- cadre ftp /var/pub/http/dev.cadre.com.au/htdocs/physioEx_6/Histology/Interface/images B310496.24.100.jpg
2004.12.13 09:23 B C:\Interface\images\bladd03.400.400.jpg <-- cadre ftp /var/pub/http/dev.cadre.com.au/htdocs/physioEx_6/Histology/Interface/images bladd03.400.400.jpg
2004.12.13 09:23 B C:\Interface\images\blood,-40X.jpg <-- cadre ftp /var/pub/http/dev.cadre.com.au/htdocs/physioEx_6/Histology/Interface/images blood,-40X.jpg
2004.12.13 09:23 B C:\Interface\images\blood,-baso,--100X.jpg <-- cadre ftp /var/pub/http/dev.cadre.com.au/htdocs/physioEx_6/Histology/Interface/images blood,-baso,--100X.jpg
2004.12.13 09:23 B C:\Interface\images\blood,-eosino,-100X.jpg <-- cadre ftp /var/pub/http/dev.cadre.com.au/htdocs/physioEx_6/Histology/Interface/images blood,-eosino,-100X.jpg
2004.12.13 09:23 B C:\Interface\images\blood,-lymphos,-100X.jpg <-- cadre ftp /var/pub/http/dev.cadre.com.au/htdocs/physioEx_6/Histology/Interface/images blood,-lymphos,-100X.jpg
2004.12.13 09:23 B C:\Interface\images\blood,-mono,-100X.jpg <-- cadre ftp /var/pub/http/dev.cadre.com.au/htdocs/physioEx_6/Histology/Interface/images blood,-mono,-100X.jpg
2004.12.13 09:23 B C:\Interface\images\blood01.40.40.jpg <-- cadre ftp /var/pub/http/dev.cadre.com.au/htdocs/physioEx_6/Histology/Interface/images blood01.40.40.jpg
2004.12.13 09:23 B C:\Interface\images\blood02.100.100.jpg <-- cadre ftp /var/pub/http/dev.cadre.com.au/htdocs/physioEx_6/Histology/Interface/images blood02.100.100.jpg
2004.12.13 09:23 B C:\Interface\images\blood_neutros_100X.jpg <-- cadre ftp /var/pub/http/dev.cadre.com.au/htdocs/physioEx_6/Histology/Interface/images blood_neutros_100X.jpg
2004.12.13 09:24 B C:\Interface\images\bonex01.40.40.jpg <-- cadre ftp /var/pub/http/dev.cadre.com.au/htdocs/physioEx_6/Histology/Interface/images bonex01.40.40.jpg
2004.12.13 09:24 B C:\Interface\images\cardi03.400.400.jpg <-- cadre ftp /var/pub/http/dev.cadre.com.au/htdocs/physioEx_6/Histology/Interface/images cardi03.400.400.jpg
2004.12.13 09:24 B C:\Interface\images\cardiac,-Purkinje,40X.jpg <-- cadre ftp /var/pub/http/dev.cadre.com.au/htdocs/physioEx_6/Histology/Interface/images cardiac,-Purkinje,40X.jpg
2004.12.13 09:24 B C:\Interface\images\cardiac2,-10X.jpg <-- cadre ftp /var/pub/http/dev.cadre.com.au/htdocs/physioEx_6/Histology/Interface/images cardiac2,-10X.jpg
2004.12.13 09:24 B C:\Interface\images\cbell01.40.40.jpg <-- cadre ftp /var/pub/http/dev.cadre.com.au/htdocs/physioEx_6/Histology/Interface/images cbell01.40.40.jpg
2004.12.13 09:24 B C:\Interface\images\cereb01.40.40.jpg <-- cadre ftp /var/pub/http/dev.cadre.com.au/htdocs/physioEx_6/Histology/Interface/images cereb01.40.40.jpg
2004.12.13 09:24 B C:\Interface\images\cereb02.100.100.jpg <-- cadre ftp /var/pub/http/dev.cadre.com.au/htdocs/physioEx_6/Histology/Interface/images cereb02.100.100.jpg
2004.12.13 09:24 B C:\Interface\images\cereb03.400.400.jpg <-- cadre ftp /var/pub/http/dev.cadre.com.au/htdocs/physioEx_6/Histology/Interface/images cereb03.400.400.jpg
2004.12.13 09:24 B C:\Interface\images\cochl01.40.40.jpg <-- cadre ftp /var/pub/http/dev.cadre.com.au/htdocs/physioEx_6/Histology/Interface/images cochl01.40.40.jpg
2004.12.13 09:24 B C:\Interface\images\cochl02.100.100.jpg <-- cadre ftp /var/pub/http/dev.cadre.com.au/htdocs/physioEx_6/Histology/Interface/images cochl02.100.100.jpg
2004.12.13 09:24 B C:\Interface\images\cochl03.400.400.jpg <-- cadre ftp /var/pub/http/dev.cadre.com.au/htdocs/physioEx_6/Histology/Interface/images cochl03.400.400.jpg
2004.12.13 09:24 B C:\Interface\images\drgan01.40.40.jpg <-- cadre ftp /var/pub/http/dev.cadre.com.au/htdocs/physioEx_6/Histology/Interface/images drgan01.40.40.jpg
2004.12.13 09:24 B C:\Interface\images\drgan02.100.100.jpg <-- cadre ftp /var/pub/http/dev.cadre.com.au/htdocs/physioEx_6/Histology/Interface/images drgan02.100.100.jpg
2004.12.13 09:24 B C:\Interface\images\drgan03.400.400.jpg <-- cadre ftp /var/pub/http/dev.cadre.com.au/htdocs/physioEx_6/Histology/Interface/images drgan03.400.400.jpg
2004.12.13 09:24 B C:\Interface\images\duode02.100.100.jpg <-- cadre ftp /var/pub/http/dev.cadre.com.au/htdocs/physioEx_6/Histology/Interface/images duode02.100.100.jpg
2004.12.13 09:24 B C:\Interface\images\duode03.400.400.jpg <-- cadre ftp /var/pub/http/dev.cadre.com.au/htdocs/physioEx_6/Histology/Interface/images duode03.400.400.jpg
2004.12.13 09:24 B C:\Interface\images\elasticcart,-40X.jpg <-- cadre ftp /var/pub/http/dev.cadre.com.au/htdocs/physioEx_6/Histology/Interface/images elasticcart,-40X.jpg
2004.12.13 09:24 B C:\Interface\images\eltis01.40.40.jpg <-- cadre ftp /var/pub/http/dev.cadre.com.au/htdocs/physioEx_6/Histology/Interface/images eltis01.40.40.jpg
2004.12.13 09:24 B C:\Interface\images\eosin03.400.400.jpg <-- cadre ftp /var/pub/http/dev.cadre.com.au/htdocs/physioEx_6/Histology/Interface/images eosin03.400.400.jpg
2004.12.13 09:24 B C:\Interface\images\fibro01.40.40.jpg <-- cadre ftp /var/pub/http/dev.cadre.com.au/htdocs/physioEx_6/Histology/Interface/images fibro01.40.40.jpg
2004.12.13 09:24 B C:\Interface\images\Group2Slide1.jpg <-- cadre ftp /var/pub/http/dev.cadre.com.au/htdocs/physioEx_6/Histology/Interface/images Group2Slide1.jpg
2004.12.13 09:24 B C:\Interface\images\Group2Slide2.jpg <-- cadre ftp /var/pub/http/dev.cadre.com.au/htdocs/physioEx_6/Histology/Interface/images Group2Slide2.jpg
2004.12.13 09:24 B C:\Interface\images\Group2Slide3.jpg <-- cadre ftp /var/pub/http/dev.cadre.com.au/htdocs/physioEx_6/Histology/Interface/images Group2Slide3.jpg
2004.12.13 09:24 B C:\Interface\images\Group2Slide4.jpg <-- cadre ftp /var/pub/http/dev.cadre.com.au/htdocs/physioEx_6/Histology/Interface/images Group2Slide4.jpg
2004.12.13 09:24 B C:\Interface\images\Group2Slide5.jpg <-- cadre ftp /var/pub/http/dev.cadre.com.au/htdocs/physioEx_6/Histology/Interface/images Group2Slide5.jpg
2004.12.13 09:24 B C:\Interface\images\Group3Slide1.jpg <-- cadre ftp /var/pub/http/dev.cadre.com.au/htdocs/physioEx_6/Histology/Interface/images Group3Slide1.jpg
2004.12.13 09:24 B C:\Interface\images\Group3Slide2.jpg <-- cadre ftp /var/pub/http/dev.cadre.com.au/htdocs/physioEx_6/Histology/Interface/images Group3Slide2.jpg
2004.12.13 09:24 B C:\Interface\images\Group3Slide3.jpg <-- cadre ftp /var/pub/http/dev.cadre.com.au/htdocs/physioEx_6/Histology/Interface/images Group3Slide3.jpg
2004.12.13 09:24 B C:\Interface\images\Group3Slide4.jpg <-- cadre ftp /var/pub/http/dev.cadre.com.au/htdocs/physioEx_6/Histology/Interface/images Group3Slide4.jpg
2004.12.13 09:24 B C:\Interface\images\Group3Slide5.jpg <-- cadre ftp /var/pub/http/dev.cadre.com.au/htdocs/physioEx_6/Histology/Interface/images Group3Slide5.jpg
2004.12.13 09:24 B C:\Interface\images\Group4Slide1.jpg <-- cadre ftp /var/pub/http/dev.cadre.com.au/htdocs/physioEx_6/Histology/Interface/images Group4Slide1.jpg
2004.12.13 09:24 B C:\Interface\images\Group4Slide2.jpg <-- cadre ftp /var/pub/http/dev.cadre.com.au/htdocs/physioEx_6/Histology/Interface/images Group4Slide2.jpg
2004.12.13 09:24 B C:\Interface\images\Group4Slide3.jpg <-- cadre ftp /var/pub/http/dev.cadre.com.au/htdocs/physioEx_6/Histology/Interface/images Group4Slide3.jpg
2004.12.13 09:24 B C:\Interface\images\Group4Slide4.jpg <-- cadre ftp /var/pub/http/dev.cadre.com.au/htdocs/physioEx_6/Histology/Interface/images Group4Slide4.jpg
2004.12.13 09:24 B C:\Interface\images\Group4Slide5.jpg <-- cadre ftp /var/pub/http/dev.cadre.com.au/htdocs/physioEx_6/Histology/Interface/images Group4Slide5.jpg
2004.12.13 09:24 B C:\Interface\images\Group4Slide6.jpg <-- cadre ftp /var/pub/http/dev.cadre.com.au/htdocs/physioEx_6/Histology/Interface/images Group4Slide6.jpg
2004.12.13 09:24 B C:\Interface\images\Group4Slide7.jpg <-- cadre ftp /var/pub/http/dev.cadre.com.au/htdocs/physioEx_6/Histology/Interface/images Group4Slide7.jpg
2004.12.13 09:24 B C:\Interface\images\Group5Slide1.jpg <-- cadre ftp /var/pub/http/dev.cadre.com.au/htdocs/physioEx_6/Histology/Interface/images Group5Slide1.jpg
2004.12.13 09:24 B C:\Interface\images\Group5Slide2.jpg <-- cadre ftp /var/pub/http/dev.cadre.com.au/htdocs/physioEx_6/Histology/Interface/images Group5Slide2.jpg
2004.12.13 09:24 B C:\Interface\images\Group5Slide3.jpg <-- cadre ftp /var/pub/http/dev.cadre.com.au/htdocs/physioEx_6/Histology/Interface/images Group5Slide3.jpg
2004.12.13 09:24 B C:\Interface\images\Group6Slide1.jpg <-- cadre ftp /var/pub/http/dev.cadre.com.au/htdocs/physioEx_6/Histology/Interface/images Group6Slide1.jpg
2004.12.13 09:24 B C:\Interface\images\Group6Slide2.jpg <-- cadre ftp /var/pub/http/dev.cadre.com.au/htdocs/physioEx_6/Histology/Interface/images Group6Slide2.jpg
2004.12.13 09:24 B C:\Interface\images\Group6Slide3.jpg <-- cadre ftp /var/pub/http/dev.cadre.com.au/htdocs/physioEx_6/Histology/Interface/images Group6Slide3.jpg
2004.12.13 09:24 B C:\Interface\images\Group6Slide4.jpg <-- cadre ftp /var/pub/http/dev.cadre.com.au/htdocs/physioEx_6/Histology/Interface/images Group6Slide4.jpg
2004.12.13 09:24 B C:\Interface\images\Group7Slide1.jpg <-- cadre ftp /var/pub/http/dev.cadre.com.au/htdocs/physioEx_6/Histology/Interface/images Group7Slide1.jpg
2004.12.13 09:24 B C:\Interface\images\Group7Slide10.jpg <-- cadre ftp /var/pub/http/dev.cadre.com.au/htdocs/physioEx_6/Histology/Interface/images Group7Slide10.jpg
2004.12.13 09:24 B C:\Interface\images\Group7Slide11.jpg <-- cadre ftp /var/pub/http/dev.cadre.com.au/htdocs/physioEx_6/Histology/Interface/images Group7Slide11.jpg
2004.12.13 09:24 B C:\Interface\images\Group7Slide12.jpg <-- cadre ftp /var/pub/http/dev.cadre.com.au/htdocs/physioEx_6/Histology/Interface/images Group7Slide12.jpg
2004.12.13 09:24 B C:\Interface\images\Group7Slide2.jpg <-- cadre ftp /var/pub/http/dev.cadre.com.au/htdocs/physioEx_6/Histology/Interface/images Group7Slide2.jpg
2004.12.13 09:24 B C:\Interface\images\Group7Slide3.jpg <-- cadre ftp /var/pub/http/dev.cadre.com.au/htdocs/physioEx_6/Histology/Interface/images Group7Slide3.jpg
2004.12.13 09:24 B C:\Interface\images\Group7Slide4.jpg <-- cadre ftp /var/pub/http/dev.cadre.com.au/htdocs/physioEx_6/Histology/Interface/images Group7Slide4.jpg
2004.12.13 09:24 B C:\Interface\images\Group7Slide5.jpg <-- cadre ftp /var/pub/http/dev.cadre.com.au/htdocs/physioEx_6/Histology/Interface/images Group7Slide5.jpg
2004.12.13 09:24 B C:\Interface\images\Group7Slide6.jpg <-- cadre ftp /var/pub/http/dev.cadre.com.au/htdocs/physioEx_6/Histology/Interface/images Group7Slide6.jpg
2004.12.13 09:24 B C:\Interface\images\Group7Slide7.jpg <-- cadre ftp /var/pub/http/dev.cadre.com.au/htdocs/physioEx_6/Histology/Interface/images Group7Slide7.jpg
2004.12.13 09:24 B C:\Interface\images\Group7Slide8.jpg <-- cadre ftp /var/pub/http/dev.cadre.com.au/htdocs/physioEx_6/Histology/Interface/images Group7Slide8.jpg
2004.12.13 09:24 B C:\Interface\images\Group7Slide9.jpg <-- cadre ftp /var/pub/http/dev.cadre.com.au/htdocs/physioEx_6/Histology/Interface/images Group7Slide9.jpg
2004.12.13 09:24 B C:\Interface\images\Group8Slide1.jpg <-- cadre ftp /var/pub/http/dev.cadre.com.au/htdocs/physioEx_6/Histology/Interface/images Group8Slide1.jpg
2004.12.13 09:24 B C:\Interface\images\Group8Slide2.jpg <-- cadre ftp /var/pub/http/dev.cadre.com.au/htdocs/physioEx_6/Histology/Interface/images Group8Slide2.jpg
2004.12.13 09:24 B C:\Interface\images\Group8Slide3.jpg <-- cadre ftp /var/pub/http/dev.cadre.com.au/htdocs/physioEx_6/Histology/Interface/images Group8Slide3.jpg
2004.12.13 09:24 B C:\Interface\images\hypop01.40.40.jpg <-- cadre ftp /var/pub/http/dev.cadre.com.au/htdocs/physioEx_6/Histology/Interface/images hypop01.40.40.jpg
2004.12.13 09:24 B C:\Interface\images\hypop02.100.100.jpg <-- cadre ftp /var/pub/http/dev.cadre.com.au/htdocs/physioEx_6/Histology/Interface/images hypop02.100.100.jpg
2004.12.13 09:24 B C:\Interface\images\hypop03.400.400.jpg <-- cadre ftp /var/pub/http/dev.cadre.com.au/htdocs/physioEx_6/Histology/Interface/images hypop03.400.400.jpg
2004.12.13 09:24 B C:\Interface\images\hypop04.1000.1000.jpg <-- cadre ftp /var/pub/http/dev.cadre.com.au/htdocs/physioEx_6/Histology/Interface/images hypop04.1000.1000.jpg
2004.12.13 09:24 B C:\Interface\images\jejunum,-EPON,-100X,-termin.jpg <-- cadre ftp /var/pub/http/dev.cadre.com.au/htdocs/physioEx_6/Histology/Interface/images jejunum,-EPON,-100X,-termin.jpg
2004.12.13 09:24 B C:\Interface\images\jejunum,-EPON,-50X,-blood-v.jpg <-- cadre ftp /var/pub/http/dev.cadre.com.au/htdocs/physioEx_6/Histology/Interface/images jejunum,-EPON,-50X,-blood-v.jpg
2004.12.13 09:24 B C:\Interface\images\jejunum,-EPON,-50X_01.jpg <-- cadre ftp /var/pub/http/dev.cadre.com.au/htdocs/physioEx_6/Histology/Interface/images jejunum,-EPON,-50X_01.jpg
2004.12.13 09:24 B C:\Interface\images\jejunum,-EPON,-50X_02.jpg <-- cadre ftp /var/pub/http/dev.cadre.com.au/htdocs/physioEx_6/Histology/Interface/images jejunum,-EPON,-50X_02.jpg
2004.12.13 09:24 B C:\Interface\images\jejunum,-EPON,-50X_03.jpg <-- cadre ftp /var/pub/http/dev.cadre.com.au/htdocs/physioEx_6/Histology/Interface/images jejunum,-EPON,-50X_03.jpg
2004.12.13 09:24 B C:\Interface\images\kidney,-cortex-and-medulla,.jpg <-- cadre ftp /var/pub/http/dev.cadre.com.au/htdocs/physioEx_6/Histology/Interface/images kidney,-cortex-and-medulla,.jpg
2004.12.13 09:24 B C:\Interface\images\kidney,-medulla,-40X#2.jpg <-- cadre ftp /var/pub/http/dev.cadre.com.au/htdocs/physioEx_6/Histology/Interface/images kidney,-medulla,-40X#2.jpg
2004.12.13 09:24 B C:\Interface\images\kidney,-medulla,-40X2.jpg <-- cadre ftp /var/pub/http/dev.cadre.com.au/htdocs/physioEx_6/Histology/Interface/images kidney,-medulla,-40X2.jpg
2004.12.13 09:24 B C:\Interface\images\LI,-CT,-muscle,-40X.jpg <-- cadre ftp /var/pub/http/dev.cadre.com.au/htdocs/physioEx_6/Histology/Interface/images LI,-CT,-muscle,-40X.jpg
2004.12.13 09:24 B C:\Interface\images\lung,-bronchus,-trichrome,2.jpg <-- cadre ftp /var/pub/http/dev.cadre.com.au/htdocs/physioEx_6/Histology/Interface/images lung,-bronchus,-trichrome,2.jpg
2004.12.13 09:24 B C:\Interface\images\lung_01.40.40.jpg <-- cadre ftp /var/pub/http/dev.cadre.com.au/htdocs/physioEx_6/Histology/Interface/images lung_01.40.40.jpg
2004.12.13 09:24 B C:\Interface\images\lymph02.100.100.jpg <-- cadre ftp /var/pub/http/dev.cadre.com.au/htdocs/physioEx_6/Histology/Interface/images lymph02.100.100.jpg
2004.12.13 09:24 B C:\Interface\images\lymphnode,-plasmacells2,-10.jpg <-- cadre ftp /var/pub/http/dev.cadre.com.au/htdocs/physioEx_6/Histology/Interface/images lymphnode,-plasmacells2,-10.jpg
2004.12.13 09:24 B C:\Interface\images\mesen01.40.40.jpg <-- cadre ftp /var/pub/http/dev.cadre.com.au/htdocs/physioEx_6/Histology/Interface/images mesen01.40.40.jpg
2004.12.13 09:24 B C:\Interface\images\mesen02.100.100.jpg <-- cadre ftp /var/pub/http/dev.cadre.com.au/htdocs/physioEx_6/Histology/Interface/images mesen02.100.100.jpg
2004.12.13 09:24 B C:\Interface\images\mesen03.400.400.jpg <-- cadre ftp /var/pub/http/dev.cadre.com.au/htdocs/physioEx_6/Histology/Interface/images mesen03.400.400.jpg
2004.12.13 09:25 B C:\Interface\images\motorendplate,-10X.jpg <-- cadre ftp /var/pub/http/dev.cadre.com.au/htdocs/physioEx_6/Histology/Interface/images motorendplate,-10X.jpg
2004.12.13 09:25 B C:\Interface\images\nervl01.40.40.jpg <-- cadre ftp /var/pub/http/dev.cadre.com.au/htdocs/physioEx_6/Histology/Interface/images nervl01.40.40.jpg
2004.12.13 09:25 B C:\Interface\images\nervl03.400.400.jpg <-- cadre ftp /var/pub/http/dev.cadre.com.au/htdocs/physioEx_6/Histology/Interface/images nervl03.400.400.jpg
2004.12.13 09:25 B C:\Interface\images\nervx01.40.40.jpg <-- cadre ftp /var/pub/http/dev.cadre.com.au/htdocs/physioEx_6/Histology/Interface/images nervx01.40.40.jpg
2004.12.13 09:25 B C:\Interface\images\nervx02.100.100.jpg <-- cadre ftp /var/pub/http/dev.cadre.com.au/htdocs/physioEx_6/Histology/Interface/images nervx02.100.100.jpg
2004.12.13 09:25 B C:\Interface\images\nervx03.400.400.jpg <-- cadre ftp /var/pub/http/dev.cadre.com.au/htdocs/physioEx_6/Histology/Interface/images nervx03.400.400.jpg
2004.12.13 09:25 B C:\Interface\images\neuron,-WM,-10X.jpg <-- cadre ftp /var/pub/http/dev.cadre.com.au/htdocs/physioEx_6/Histology/Interface/images neuron,-WM,-10X.jpg
2004.12.13 09:25 B C:\Interface\images\nmjun04.1000.1000.jpg <-- cadre ftp /var/pub/http/dev.cadre.com.au/htdocs/physioEx_6/Histology/Interface/images nmjun04.1000.1000.jpg
2004.12.13 09:25 B C:\Interface\images\ovary03.400.400.jpg <-- cadre ftp /var/pub/http/dev.cadre.com.au/htdocs/physioEx_6/Histology/Interface/images ovary03.400.400.jpg
2004.12.13 09:25 B C:\Interface\images\pancr04.1000.1000.jpg <-- cadre ftp /var/pub/http/dev.cadre.com.au/htdocs/physioEx_6/Histology/Interface/images pancr04.1000.1000.jpg
2004.12.13 09:25 B C:\Interface\images\parat02.100.100.jpg <-- cadre ftp /var/pub/http/dev.cadre.com.au/htdocs/physioEx_6/Histology/Interface/images parat02.100.100.jpg
2004.12.13 09:25 B C:\Interface\images\parat03.400.400.jpg <-- cadre ftp /var/pub/http/dev.cadre.com.au/htdocs/physioEx_6/Histology/Interface/images parat03.400.400.jpg
2004.12.13 09:25 B C:\Interface\images\parotid,-large-duct,-40X.jpg <-- cadre ftp /var/pub/http/dev.cadre.com.au/htdocs/physioEx_6/Histology/Interface/images parotid,-large-duct,-40X.jpg
2004.12.13 09:25 B C:\Interface\images\periphnerve,-10X.jpg <-- cadre ftp /var/pub/http/dev.cadre.com.au/htdocs/physioEx_6/Histology/Interface/images periphnerve,-10X.jpg
2004.12.13 09:25 B C:\Interface\images\periphnerve,-art,-vn,-10X.jpg <-- cadre ftp /var/pub/http/dev.cadre.com.au/htdocs/physioEx_6/Histology/Interface/images periphnerve,-art,-vn,-10X.jpg
2004.12.13 09:25 B C:\Interface\images\pseud01.40.40.jpg <-- cadre ftp /var/pub/http/dev.cadre.com.au/htdocs/physioEx_6/Histology/Interface/images pseud01.40.40.jpg
2004.12.13 09:25 B C:\Interface\images\reti01b.40.40.jpg <-- cadre ftp /var/pub/http/dev.cadre.com.au/htdocs/physioEx_6/Histology/Interface/images reti01b.40.40.jpg
2004.12.13 09:25 B C:\Interface\images\reti02b.100.100.jpg <-- cadre ftp /var/pub/http/dev.cadre.com.au/htdocs/physioEx_6/Histology/Interface/images reti02b.100.100.jpg
2004.12.13 09:25 B C:\Interface\images\reti03b.400.400.jpg <-- cadre ftp /var/pub/http/dev.cadre.com.au/htdocs/physioEx_6/Histology/Interface/images reti03b.400.400.jpg
2004.12.13 09:25 B C:\Interface\images\retia03.400.400.jpg <-- cadre ftp /var/pub/http/dev.cadre.com.au/htdocs/physioEx_6/Histology/Interface/images retia03.400.400.jpg
2004.12.13 09:25 B C:\Interface\images\retin01.40.40.jpg <-- cadre ftp /var/pub/http/dev.cadre.com.au/htdocs/physioEx_6/Histology/Interface/images retin01.40.40.jpg
2004.12.13 09:25 B C:\Interface\images\retin02.100.100.jpg <-- cadre ftp /var/pub/http/dev.cadre.com.au/htdocs/physioEx_6/Histology/Interface/images retin02.100.100.jpg
2004.12.13 09:25 B C:\Interface\images\salgl01.40.40.jpg <-- cadre ftp /var/pub/http/dev.cadre.com.au/htdocs/physioEx_6/Histology/Interface/images salgl01.40.40.jpg
2004.12.13 09:25 B C:\Interface\images\salgl02.100.100.jpg <-- cadre ftp /var/pub/http/dev.cadre.com.au/htdocs/physioEx_6/Histology/Interface/images salgl02.100.100.jpg
2004.12.13 09:25 B C:\Interface\images\scord02.100.100.jpg <-- cadre ftp /var/pub/http/dev.cadre.com.au/htdocs/physioEx_6/Histology/Interface/images scord02.100.100.jpg
2004.12.13 09:25 B C:\Interface\images\scord03.400.400.jpg <-- cadre ftp /var/pub/http/dev.cadre.com.au/htdocs/physioEx_6/Histology/Interface/images scord03.400.400.jpg
2004.12.13 09:25 B C:\Interface\images\skeletal,-esoph,-10X.jpg <-- cadre ftp /var/pub/http/dev.cadre.com.au/htdocs/physioEx_6/Histology/Interface/images skeletal,-esoph,-10X.jpg
2004.12.13 09:25 B C:\Interface\images\skin,-capillaries,-40X.jpg <-- cadre ftp /var/pub/http/dev.cadre.com.au/htdocs/physioEx_6/Histology/Interface/images skin,-capillaries,-40X.jpg
2004.12.13 09:25 B C:\Interface\images\skin,-sweatglands,-capillar.jpg <-- cadre ftp /var/pub/http/dev.cadre.com.au/htdocs/physioEx_6/Histology/Interface/images skin,-sweatglands,-capillar.jpg
2004.12.13 09:25 B C:\Interface\images\skin,adipose,-4X.jpg <-- cadre ftp /var/pub/http/dev.cadre.com.au/htdocs/physioEx_6/Histology/Interface/images skin,adipose,-4X.jpg
2004.12.13 09:25 B C:\Interface\images\skin,adipose,-4X_02.jpg <-- cadre ftp /var/pub/http/dev.cadre.com.au/htdocs/physioEx_6/Histology/Interface/images skin,adipose,-4X_02.jpg
2004.12.13 09:25 B C:\Interface\images\small-intestine,-4X.jpg <-- cadre ftp /var/pub/http/dev.cadre.com.au/htdocs/physioEx_6/Histology/Interface/images small-intestine,-4X.jpg
2004.12.13 09:25 B C:\Interface\images\smoot02.100.100.jpg <-- cadre ftp /var/pub/http/dev.cadre.com.au/htdocs/physioEx_6/Histology/Interface/images smoot02.100.100.jpg
2004.12.13 09:25 B C:\Interface\images\smoot03.400.400.jpg <-- cadre ftp /var/pub/http/dev.cadre.com.au/htdocs/physioEx_6/Histology/Interface/images smoot03.400.400.jpg
2004.12.13 09:25 B C:\Interface\images\smooth,,art,CT,nerve,-40X.jpg <-- cadre ftp /var/pub/http/dev.cadre.com.au/htdocs/physioEx_6/Histology/Interface/images smooth,,art,CT,nerve,-40X.jpg
2004.12.13 09:25 B C:\Interface\images\smooth,-colon,-4X.jpg <-- cadre ftp /var/pub/http/dev.cadre.com.au/htdocs/physioEx_6/Histology/Interface/images smooth,-colon,-4X.jpg
2004.12.13 09:25 B C:\Interface\images\smots01.40.40.jpg <-- cadre ftp /var/pub/http/dev.cadre.com.au/htdocs/physioEx_6/Histology/Interface/images smots01.40.40.jpg
2004.12.13 09:25 B C:\Interface\images\smots02.100.100.jpg <-- cadre ftp /var/pub/http/dev.cadre.com.au/htdocs/physioEx_6/Histology/Interface/images smots02.100.100.jpg
2004.12.13 09:25 B C:\Interface\images\smots03.400.400.jpg <-- cadre ftp /var/pub/http/dev.cadre.com.au/htdocs/physioEx_6/Histology/Interface/images smots03.400.400.jpg
2004.12.13 09:25 B C:\Interface\images\sperm01.40.40.jpg <-- cadre ftp /var/pub/http/dev.cadre.com.au/htdocs/physioEx_6/Histology/Interface/images sperm01.40.40.jpg
2004.12.13 09:25 B C:\Interface\images\sperm02.100.100.jpg <-- cadre ftp /var/pub/http/dev.cadre.com.au/htdocs/physioEx_6/Histology/Interface/images sperm02.100.100.jpg
2004.12.13 09:25 B C:\Interface\images\sperm03.400.400.jpg <-- cadre ftp /var/pub/http/dev.cadre.com.au/htdocs/physioEx_6/Histology/Interface/images sperm03.400.400.jpg
2004.12.13 09:25 B C:\Interface\images\sperm04.1000.1000.jpg <-- cadre ftp /var/pub/http/dev.cadre.com.au/htdocs/physioEx_6/Histology/Interface/images sperm04.1000.1000.jpg
2004.12.13 09:25 B C:\Interface\images\spina01.40.40.jpg <-- cadre ftp /var/pub/http/dev.cadre.com.au/htdocs/physioEx_6/Histology/Interface/images spina01.40.40.jpg
2004.12.13 09:25 B C:\Interface\images\spleen,-capsule,-RWpulp,-2X.jpg <-- cadre ftp /var/pub/http/dev.cadre.com.au/htdocs/physioEx_6/Histology/Interface/images spleen,-capsule,-RWpulp,-2X.jpg
2004.12.13 09:25 B C:\Interface\images\spleen,-RWpulp,-EPON,-40X.jpg <-- cadre ftp /var/pub/http/dev.cadre.com.au/htdocs/physioEx_6/Histology/Interface/images spleen,-RWpulp,-EPON,-40X.jpg
2004.12.13 09:25 B C:\Interface\images\stomach,-glands2,-10X.jpg <-- cadre ftp /var/pub/http/dev.cadre.com.au/htdocs/physioEx_6/Histology/Interface/images stomach,-glands2,-10X.jpg
2004.12.13 09:25 B C:\Interface\images\strcu01.40.40.jpg <-- cadre ftp /var/pub/http/dev.cadre.com.au/htdocs/physioEx_6/Histology/Interface/images strcu01.40.40.jpg
2004.12.13 09:25 B C:\Interface\images\strsq02.100.100.jpg <-- cadre ftp /var/pub/http/dev.cadre.com.au/htdocs/physioEx_6/Histology/Interface/images strsq02.100.100.jpg
2004.12.13 09:25 B C:\Interface\images\strsq03.400.400.jpg <-- cadre ftp /var/pub/http/dev.cadre.com.au/htdocs/physioEx_6/Histology/Interface/images strsq03.400.400.jpg
2004.12.13 09:25 B C:\Interface\images\taste02.100.100.jpg <-- cadre ftp /var/pub/http/dev.cadre.com.au/htdocs/physioEx_6/Histology/Interface/images taste02.100.100.jpg
2004.12.13 09:25 B C:\Interface\images\tendon2,-40X.jpg <-- cadre ftp /var/pub/http/dev.cadre.com.au/htdocs/physioEx_6/Histology/Interface/images tendon2,-40X.jpg
2004.12.13 09:25 B C:\Interface\images\thymu01.40.40.jpg <-- cadre ftp /var/pub/http/dev.cadre.com.au/htdocs/physioEx_6/Histology/Interface/images thymu01.40.40.jpg
2004.12.13 09:25 B C:\Interface\images\thymu04.1000.1000.jpg <-- cadre ftp /var/pub/http/dev.cadre.com.au/htdocs/physioEx_6/Histology/Interface/images thymu04.1000.1000.jpg
2004.12.13 09:25 B C:\Interface\images\tonsi01.40.40.jpg <-- cadre ftp /var/pub/http/dev.cadre.com.au/htdocs/physioEx_6/Histology/Interface/images tonsi01.40.40.jpg
2004.12.13 09:25 B C:\Interface\images\tonsi02.100.100.jpg <-- cadre ftp /var/pub/http/dev.cadre.com.au/htdocs/physioEx_6/Histology/Interface/images tonsi02.100.100.jpg
2004.12.13 09:25 B C:\Interface\images\tonsi03.400.400.jpg <-- cadre ftp /var/pub/http/dev.cadre.com.au/htdocs/physioEx_6/Histology/Interface/images tonsi03.400.400.jpg
2004.12.13 09:25 B C:\Interface\images\tooth,-pig,-2X.jpg <-- cadre ftp /var/pub/http/dev.cadre.com.au/htdocs/physioEx_6/Histology/Interface/images tooth,-pig,-2X.jpg
2004.12.13 09:25 B C:\Interface\images\trachea,-cartilage,-EPON,-5.jpg <-- cadre ftp /var/pub/http/dev.cadre.com.au/htdocs/physioEx_6/Histology/Interface/images trachea,-cartilage,-EPON,-5.jpg
2004.12.13 09:25 B C:\Interface\images\trachea,-epithelium,-40X.jpg <-- cadre ftp /var/pub/http/dev.cadre.com.au/htdocs/physioEx_6/Histology/Interface/images trachea,-epithelium,-40X.jpg
2004.12.13 09:25 B C:\Interface\images\trachea,epithelium,--EPON,-.jpg <-- cadre ftp /var/pub/http/dev.cadre.com.au/htdocs/physioEx_6/Histology/Interface/images trachea,epithelium,--EPON,-.jpg
2004.12.13 09:25 B C:\Interface\images\trans01.40.40.jpg <-- cadre ftp /var/pub/http/dev.cadre.com.au/htdocs/physioEx_6/Histology/Interface/images trans01.40.40.jpg
2004.12.13 09:25 B C:\Interface\images\ureter,-40X.jpg <-- cadre ftp /var/pub/http/dev.cadre.com.au/htdocs/physioEx_6/Histology/Interface/images ureter,-40X.jpg
2004.12.13 09:25 B C:\Interface\images\ureter,-4X.jpg <-- cadre ftp /var/pub/http/dev.cadre.com.au/htdocs/physioEx_6/Histology/Interface/images ureter,-4X.jpg
2004.12.13 09:25 B C:\Interface\images\utube01.40.40.jpg <-- cadre ftp /var/pub/http/dev.cadre.com.au/htdocs/physioEx_6/Histology/Interface/images utube01.40.40.jpg
2004.12.13 09:25 B C:\Interface\images\utube02.100.100.jpg <-- cadre ftp /var/pub/http/dev.cadre.com.au/htdocs/physioEx_6/Histology/Interface/images utube02.100.100.jpg
2004.12.13 09:25 B C:\Interface\images\utube03.400.400.jpg <-- cadre ftp /var/pub/http/dev.cadre.com.au/htdocs/physioEx_6/Histology/Interface/images utube03.400.400.jpg
2004.12.13 09:25 B C:\Interface\images\white01.40.40.jpg <-- cadre ftp /var/pub/http/dev.cadre.com.au/htdocs/physioEx_6/Histology/Interface/images white01.40.40.jpg
2004.12.13 09:25 B C:\Interface\images\white02.100.100.jpg <-- cadre ftp /var/pub/http/dev.cadre.com.au/htdocs/physioEx_6/Histology/Interface/images white02.100.100.jpg
